<?xml version="1.0" encoding="UTF-8"?>
<!-- Generated by org.testng.reporters.JUnitXMLReporter -->
<testsuite hostname="3W8XXF2" ignored="0" name="Default test" tests="12" failures="0" timestamp="06 Nov 2019 13:34:49 GMT" time="4.776" errors="0">
  <testcase name="@BeforeTest setup" time="4.659" classname="com.UISanityHealthCheck">
    <failure type="org.openqa.selenium.SessionNotCreatedException" message="session not created: This version of ChromeDriver only supports Chrome version 79
Build info: version: &amp;apos;3.141.59&amp;apos;, revision: &amp;apos;e82be7d358&amp;apos;, time: &amp;apos;2018-11-14T08:17:03&amp;apos;
System info: host: &amp;apos;3W8XXF2&amp;apos;, ip: &amp;apos;10.230.253.73&amp;apos;, os.name: &amp;apos;Windows 10&amp;apos;, os.arch: &amp;apos;amd64&amp;apos;, os.version: &amp;apos;10.0&amp;apos;, java.version: &amp;apos;1.8.0_221&amp;apos;
Driver info: driver.version: ChromeDriver
remote stacktrace: Backtrace:
	Ordinal0 [0x00AE9F93+1548179]
	Ordinal0 [0x00A6DC51+1039441]
	Ordinal0 [0x009EE495+517269]
	Ordinal0 [0x0097FD34+64820]
	Ordinal0 [0x0097C61E+50718]
	Ordinal0 [0x0099B797+178071]
	Ordinal0 [0x0099B59D+177565]
	Ordinal0 [0x009995FB+169467]
	Ordinal0 [0x0098160A+71178]
	Ordinal0 [0x00982690+75408]
	Ordinal0 [0x00982629+75305]
	Ordinal0 [0x00A87047+1142855]
	GetHandleVerifier [0x00B82996+507766]
	GetHandleVerifier [0x00B826B4+507028]
	GetHandleVerifier [0x00B89D97+537463]
	GetHandleVerifier [0x00B83252+510002]
	Ordinal0 [0x00A7F12C+1110316]
	Ordinal0 [0x00A8921B+1151515]
	Ordinal0 [0x00A89383+1151875]
	Ordinal0 [0x00A88285+1147525]
	BaseThreadInitThunk [0x752B8494+36]
	RtlAreBitsSet [0x773341C8+136]
	RtlAreBitsSet [0x77334198+88]
">
      <![CDATA[org.openqa.selenium.SessionNotCreatedException: session not created: This version of ChromeDriver only supports Chrome version 79
Build info: version: '3.141.59', revision: 'e82be7d358', time: '2018-11-14T08:17:03'
System info: host: '3W8XXF2', ip: '10.230.253.73', os.name: 'Windows 10', os.arch: 'amd64', os.version: '10.0', java.version: '1.8.0_221'
Driver info: driver.version: ChromeDriver
remote stacktrace: Backtrace:
Ordinal0 [0x00AE9F93+1548179]
Ordinal0 [0x00A6DC51+1039441]
Ordinal0 [0x009EE495+517269]
Ordinal0 [0x0097FD34+64820]
Ordinal0 [0x0097C61E+50718]
Ordinal0 [0x0099B797+178071]
Ordinal0 [0x0099B59D+177565]
Ordinal0 [0x009995FB+169467]
Ordinal0 [0x0098160A+71178]
Ordinal0 [0x00982690+75408]
Ordinal0 [0x00982629+75305]
Ordinal0 [0x00A87047+1142855]
GetHandleVerifier [0x00B82996+507766]
GetHandleVerifier [0x00B826B4+507028]
GetHandleVerifier [0x00B89D97+537463]
GetHandleVerifier [0x00B83252+510002]
Ordinal0 [0x00A7F12C+1110316]
Ordinal0 [0x00A8921B+1151515]
Ordinal0 [0x00A89383+1151875]
Ordinal0 [0x00A88285+1147525]
BaseThreadInitThunk [0x752B8494+36]
RtlAreBitsSet [0x773341C8+136]
RtlAreBitsSet [0x77334198+88]

at sun.reflect.NativeConstructorAccessorImpl.newInstance0(Native Method)
at sun.reflect.NativeConstructorAccessorImpl.newInstance(NativeConstructorAccessorImpl.java:62)
at sun.reflect.DelegatingConstructorAccessorImpl.newInstance(DelegatingConstructorAccessorImpl.java:45)
at java.lang.reflect.Constructor.newInstance(Constructor.java:423)
at org.openqa.selenium.remote.W3CHandshakeResponse.lambda$errorHandler$0(W3CHandshakeResponse.java:62)
at org.openqa.selenium.remote.HandshakeResponse.lambda$getResponseFunction$0(HandshakeResponse.java:30)
at org.openqa.selenium.remote.ProtocolHandshake.lambda$createSession$0(ProtocolHandshake.java:126)
at java.util.stream.ReferencePipeline$3$1.accept(ReferencePipeline.java:193)
at java.util.Spliterators$ArraySpliterator.tryAdvance(Spliterators.java:958)
at java.util.stream.ReferencePipeline.forEachWithCancel(ReferencePipeline.java:126)
at java.util.stream.AbstractPipeline.copyIntoWithCancel(AbstractPipeline.java:499)
at java.util.stream.AbstractPipeline.copyInto(AbstractPipeline.java:486)
at java.util.stream.AbstractPipeline.wrapAndCopyInto(AbstractPipeline.java:472)
at java.util.stream.FindOps$FindOp.evaluateSequential(FindOps.java:152)
at java.util.stream.AbstractPipeline.evaluate(AbstractPipeline.java:234)
at java.util.stream.ReferencePipeline.findFirst(ReferencePipeline.java:464)
at org.openqa.selenium.remote.ProtocolHandshake.createSession(ProtocolHandshake.java:128)
at org.openqa.selenium.remote.ProtocolHandshake.createSession(ProtocolHandshake.java:74)
at org.openqa.selenium.remote.HttpCommandExecutor.execute(HttpCommandExecutor.java:136)
at org.openqa.selenium.remote.service.DriverCommandExecutor.execute(DriverCommandExecutor.java:83)
at org.openqa.selenium.remote.RemoteWebDriver.execute(RemoteWebDriver.java:552)
at org.openqa.selenium.remote.RemoteWebDriver.startSession(RemoteWebDriver.java:213)
at org.openqa.selenium.remote.RemoteWebDriver.<init>(RemoteWebDriver.java:131)
at org.openqa.selenium.chrome.ChromeDriver.<init>(ChromeDriver.java:181)
at org.openqa.selenium.chrome.ChromeDriver.<init>(ChromeDriver.java:168)
at org.openqa.selenium.chrome.ChromeDriver.<init>(ChromeDriver.java:157)
at com.UISanityHealthCheck.setup(UISanityHealthCheck.java:60)
at sun.reflect.NativeMethodAccessorImpl.invoke0(Native Method)
at sun.reflect.NativeMethodAccessorImpl.invoke(NativeMethodAccessorImpl.java:62)
at sun.reflect.DelegatingMethodAccessorImpl.invoke(DelegatingMethodAccessorImpl.java:43)
at java.lang.reflect.Method.invoke(Method.java:498)
at org.testng.internal.MethodInvocationHelper.invokeMethod(MethodInvocationHelper.java:124)
at org.testng.internal.MethodInvocationHelper.invokeMethodConsideringTimeout(MethodInvocationHelper.java:59)
at org.testng.internal.Invoker.invokeConfigurationMethod(Invoker.java:458)
at org.testng.internal.Invoker.invokeConfigurations(Invoker.java:222)
at org.testng.internal.Invoker.invokeConfigurations(Invoker.java:142)
at org.testng.TestRunner.beforeRun(TestRunner.java:529)
at org.testng.TestRunner.run(TestRunner.java:497)
at org.testng.SuiteRunner.runTest(SuiteRunner.java:455)
at org.testng.SuiteRunner.runSequentially(SuiteRunner.java:450)
at org.testng.SuiteRunner.privateRun(SuiteRunner.java:415)
at org.testng.SuiteRunner.run(SuiteRunner.java:364)
at org.testng.SuiteRunnerWorker.runSuite(SuiteRunnerWorker.java:52)
at org.testng.SuiteRunnerWorker.run(SuiteRunnerWorker.java:84)
at org.testng.TestNG.runSuitesSequentially(TestNG.java:1208)
at org.testng.TestNG.runSuitesLocally(TestNG.java:1137)
at org.testng.TestNG.runSuites(TestNG.java:1049)
at org.testng.TestNG.run(TestNG.java:1017)
at org.testng.remote.AbstractRemoteTestNG.run(AbstractRemoteTestNG.java:132)
at org.testng.remote.RemoteTestNG.initAndRun(RemoteTestNG.java:236)
at org.testng.remote.RemoteTestNG.main(RemoteTestNG.java:81)
]]>
    </failure>
  </testcase> <!-- @BeforeTest setup -->
  <testcase name="ValidateNikuLogin" time="0.0" classname="com.UISanityHealthCheck">
    <skipped/>
  </testcase> <!-- ValidateNikuLogin -->
  <testcase name="ValidateLearnLink" time="0.0" classname="com.UISanityHealthCheck">
    <skipped/>
  </testcase> <!-- ValidateLearnLink -->
  <testcase name="ValidateAboutDialog" time="0.0" classname="com.UISanityHealthCheck">
    <skipped/>
  </testcase> <!-- ValidateAboutDialog -->
  <testcase name="ValidateProductName" time="0.0" classname="com.UISanityHealthCheck">
    <skipped/>
  </testcase> <!-- ValidateProductName -->
  <testcase name="ValidateBuildVersion" time="0.0" classname="com.UISanityHealthCheck">
    <skipped/>
  </testcase> <!-- ValidateBuildVersion -->
  <testcase name="ValidateJasperSoftBuildVersion" time="0.0" classname="com.UISanityHealthCheck">
    <skipped/>
  </testcase> <!-- ValidateJasperSoftBuildVersion -->
  <testcase name="ValidateLastRunTimeSlices" time="0.0" classname="com.UISanityHealthCheck">
    <skipped/>
  </testcase> <!-- ValidateLastRunTimeSlices -->
  <testcase name="ValidateProcessEnginesColors" time="0.0" classname="com.UISanityHealthCheck">
    <skipped/>
  </testcase> <!-- ValidateProcessEnginesColors -->
  <testcase name="ValidateContentAddinsStatus" time="0.0" classname="com.UISanityHealthCheck">
    <skipped/>
  </testcase> <!-- ValidateContentAddinsStatus -->
  <testcase name="ValidateResources" time="0.0" classname="com.UISanityHealthCheck">
    <skipped/>
  </testcase> <!-- ValidateResources -->
  <testcase name="ValidateAdvanceReporting" time="0.0" classname="com.UISanityHealthCheck">
    <skipped/>
  </testcase> <!-- ValidateAdvanceReporting -->
  <testcase name="ValidateJasperSoftReport" time="0.0" classname="com.UISanityHealthCheck">
    <skipped/>
  </testcase> <!-- ValidateJasperSoftReport -->
</testsuite> <!-- Default test -->
