<?xml version="1.0" encoding="UTF-8"?>
<!-- Generated by org.testng.reporters.JUnitXMLReporter -->
<testsuite hostname="USHYDRGAJUL5" ignored="2" name="Test" tests="11" failures="1" timestamp="15 Nov 2019 15:21:05 GMT" time="97.709" errors="0">
  <testcase name="ValidateNikuLogin" time="12.9" classname="com.ClarityPPMHealthCheck"/>
  <testcase name="ValidateLearnLink" time="11.226" classname="com.ClarityPPMHealthCheck"/>
  <testcase name="ValidateAboutDialog" time="0.228" classname="com.ClarityPPMHealthCheck"/>
  <testcase name="ValidateProductName" time="5.068" classname="com.ClarityPPMHealthCheck"/>
  <testcase name="ValidateBuildVersion" time="0.059" classname="com.ClarityPPMHealthCheck"/>
  <testcase name="ValidateJasperSoftBuildVersion" time="0.072" classname="com.ClarityPPMHealthCheck"/>
  <testcase name="ValidateProcessEnginesColors" time="1.986" classname="com.ClarityPPMHealthCheck"/>
  <testcase name="ValidateContentAddinsStatus" time="4.267" classname="com.ClarityPPMHealthCheck"/>
  <testcase name="ValidateResources" time="1.591" classname="com.ClarityPPMHealthCheck"/>
  <testcase name="ValidateAdvanceReporting" time="39.311" classname="com.ClarityPPMHealthCheck">
    <failure type="java.lang.AssertionError" message="The Description had  expected [true] but found [false]">
      <![CDATA[java.lang.AssertionError: The Description had  expected [true] but found [false]
at pages.NikuHomePage.checkAdvanceReporting(NikuHomePage.java:307)
at com.ClarityPPMHealthCheck.ValidateAdvanceReporting(ClarityPPMHealthCheck.java:172)
... Removed 28 stack frames]]>
    </failure>
  </testcase> <!-- ValidateAdvanceReporting -->
  <testcase name="ValidateJasperSoftReport" time="0.0" classname="com.ClarityPPMHealthCheck">
    <skipped/>
  </testcase> <!-- ValidateJasperSoftReport -->
  <testcase name="ValidateHDBCluster" time="0.0" classname="com.ClarityPPMHealthCheck">
    <ignored/>
  </testcase> <!-- ValidateHDBCluster -->
  <testcase name="ValidateLastRunTimeSlices" time="0.0" classname="com.ClarityPPMHealthCheck">
    <ignored/>
  </testcase> <!-- ValidateLastRunTimeSlices -->
</testsuite> <!-- Test -->
