<?xml version="1.0" encoding="UTF-8"?>
<!-- Generated by org.testng.reporters.JUnitReportReporter -->
<testsuite skipped="1" hostname="USHYDRGAJUL5" name="com.ClarityPPMHealthCheck" tests="11" failures="1" timestamp="15 Nov 2019 15:21:07 GMT" time="76.708" errors="0">
  <testcase name="ValidateNikuLogin" time="12.900" classname="com.ClarityPPMHealthCheck"/>
  <testcase name="ValidateLearnLink" time="11.226" classname="com.ClarityPPMHealthCheck"/>
  <testcase name="ValidateAboutDialog" time="0.228" classname="com.ClarityPPMHealthCheck"/>
  <testcase name="ValidateProductName" time="5.068" classname="com.ClarityPPMHealthCheck"/>
  <testcase name="ValidateBuildVersion" time="0.059" classname="com.ClarityPPMHealthCheck"/>
  <testcase name="ValidateJasperSoftBuildVersion" time="0.072" classname="com.ClarityPPMHealthCheck"/>
  <testcase name="ValidateProcessEnginesColors" time="1.986" classname="com.ClarityPPMHealthCheck"/>
  <testcase name="ValidateContentAddinsStatus" time="4.267" classname="com.ClarityPPMHealthCheck"/>
  <testcase name="ValidateResources" time="1.591" classname="com.ClarityPPMHealthCheck"/>
  <testcase name="ValidateAdvanceReporting" time="39.311" classname="com.ClarityPPMHealthCheck">
    <failure type="java.lang.AssertionError" message="The Description had  expected [true] but found [false]">
      <![CDATA[java.lang.AssertionError: The Description had  expected [true] but found [false]
at org.testng.Assert.fail(Assert.java:96)
at org.testng.Assert.failNotEquals(Assert.java:776)
at org.testng.Assert.assertTrue(Assert.java:44)
at pages.NikuHomePage.checkAdvanceReporting(NikuHomePage.java:307)
at com.ClarityPPMHealthCheck.ValidateAdvanceReporting(ClarityPPMHealthCheck.java:172)
at sun.reflect.NativeMethodAccessorImpl.invoke0(Native Method)
at sun.reflect.NativeMethodAccessorImpl.invoke(NativeMethodAccessorImpl.java:62)
at sun.reflect.DelegatingMethodAccessorImpl.invoke(DelegatingMethodAccessorImpl.java:43)
at java.lang.reflect.Method.invoke(Method.java:498)
at org.testng.internal.MethodInvocationHelper.invokeMethod(MethodInvocationHelper.java:124)
at org.testng.internal.Invoker.invokeMethod(Invoker.java:583)
at org.testng.internal.Invoker.invokeTestMethod(Invoker.java:719)
at org.testng.internal.Invoker.invokeTestMethods(Invoker.java:989)
at org.testng.internal.TestMethodWorker.invokeTestMethods(TestMethodWorker.java:125)
at org.testng.internal.TestMethodWorker.run(TestMethodWorker.java:109)
at org.testng.TestRunner.privateRun(TestRunner.java:648)
at org.testng.TestRunner.run(TestRunner.java:505)
at org.testng.SuiteRunner.runTest(SuiteRunner.java:455)
at org.testng.SuiteRunner.runSequentially(SuiteRunner.java:450)
at org.testng.SuiteRunner.privateRun(SuiteRunner.java:415)
at org.testng.SuiteRunner.run(SuiteRunner.java:364)
at org.testng.SuiteRunnerWorker.runSuite(SuiteRunnerWorker.java:52)
at org.testng.SuiteRunnerWorker.run(SuiteRunnerWorker.java:84)
at org.testng.TestNG.runSuitesSequentially(TestNG.java:1208)
at org.testng.TestNG.runSuitesLocally(TestNG.java:1137)
at org.testng.TestNG.runSuites(TestNG.java:1049)
at org.testng.TestNG.run(TestNG.java:1017)
at org.testng.remote.AbstractRemoteTestNG.run(AbstractRemoteTestNG.java:115)
at org.testng.remote.RemoteTestNG.initAndRun(RemoteTestNG.java:251)
at org.testng.remote.RemoteTestNG.main(RemoteTestNG.java:77)
]]>
    </failure>
  </testcase> <!-- ValidateAdvanceReporting -->
  <testcase name="ValidateJasperSoftReport" time="0.000" classname="com.ClarityPPMHealthCheck">
    <skipped/>
  </testcase> <!-- ValidateJasperSoftReport -->
</testsuite> <!-- com.ClarityPPMHealthCheck -->
